o10:51:28.358 [Test worker] DEBUG org.jboss.logging - Logging Provider: org.jboss.logging.Log4j2LoggerProvider
{10:51:28.358 [Test worker] INFO org.hibernate.validator.internal.util.Version - HV000001: Hibernate Validator 6.2.5.Final
ü10:51:28.405 [Test worker] DEBUG org.hibernate.validator.messageinterpolation.ResourceBundleMessageInterpolator - Loaded expression factory via original TCCL
‡10:51:28.405 [Test worker] DEBUG org.hibernate.validator.internal.engine.AbstractConfigurationImpl - Setting custom MessageInterpolator of type org.springframework.validation.beanvalidation.LocaleContextMessageInterpolator
›10:51:28.405 [Test worker] DEBUG org.hibernate.validator.internal.engine.AbstractConfigurationImpl - Setting custom ParameterNameProvider of type org.springframework.validation.beanvalidation.LocalValidatorFactoryBean$1
≤10:51:28.421 [Test worker] DEBUG org.hibernate.validator.internal.xml.config.ValidationXmlParser - Trying to load META-INF/validation.xml for XML based Validator configuration.
ï10:51:28.421 [Test worker] DEBUG org.hibernate.validator.internal.xml.config.ResourceLoaderHelper - Trying to load META-INF/validation.xml via TCCL
≥10:51:28.421 [Test worker] DEBUG org.hibernate.validator.internal.xml.config.ResourceLoaderHelper - Trying to load META-INF/validation.xml via Hibernate Validator's class loader
±10:51:28.421 [Test worker] DEBUG org.hibernate.validator.internal.xml.config.ValidationXmlParser - No META-INF/validation.xml found. Using annotation based configuration only.
å10:51:28.436 [Test worker] DEBUG org.hibernate.validator.internal.engine.resolver.TraversableResolvers - Found javax.persistence.Persistence on classpath containing 'getPersistenceUtil'. Assuming JPA 2 environment. Trying to instantiate JPA aware TraversableResolver
Ê10:51:28.436 [Test worker] DEBUG org.hibernate.validator.internal.engine.resolver.TraversableResolvers - Instantiated JPA aware TraversableResolver of type org.hibernate.validator.internal.engine.resolver.JPATraversableResolver.
Ë10:51:28.641 [Test worker] DEBUG org.hibernate.validator.internal.engine.ValidatorFactoryConfigurationHelper - HV000252: Using org.hibernate.validator.internal.engine.DefaultPropertyNodeNameProvider as property node name provider.
Ä10:51:28.641 [Test worker] DEBUG org.hibernate.validator.internal.engine.ValidatorFactoryConfigurationHelper - HV000234: Using org.springframework.validation.beanvalidation.LocaleContextMessageInterpolator as ValidatorFactory-scoped message interpolator.
˘10:51:28.641 [Test worker] DEBUG org.hibernate.validator.internal.engine.ValidatorFactoryConfigurationHelper - HV000234: Using org.hibernate.validator.internal.engine.resolver.JPATraversableResolver as ValidatorFactory-scoped traversable resolver.
˙10:51:28.641 [Test worker] DEBUG org.hibernate.validator.internal.engine.ValidatorFactoryConfigurationHelper - HV000234: Using org.hibernate.validator.internal.util.ExecutableParameterNameProvider as ValidatorFactory-scoped parameter name provider.
Ë10:51:28.641 [Test worker] DEBUG org.hibernate.validator.internal.engine.ValidatorFactoryConfigurationHelper - HV000234: Using org.hibernate.validator.internal.engine.DefaultClockProvider as ValidatorFactory-scoped clock provider.
Ö10:51:28.641 [Test worker] DEBUG org.hibernate.validator.internal.engine.ValidatorFactoryConfigurationHelper - HV000234: Using org.hibernate.validator.internal.engine.scripting.DefaultScriptEvaluatorFactory as ValidatorFactory-scoped script evaluator factory.
√10:51:28.752 [Test worker] DEBUG org.hibernate.validator.internal.metadata.descriptor.ConstraintDescriptorImpl - Adding composing constraint: ConstraintDescriptorImpl{annotation=j.v.c.NotNull, payloads=[], hasComposingConstraints=true, isReportAsSingleInvalidConstraint=false, constraintLocationKind=FIELD, definedOn=DEFINED_LOCALLY, groups=[interface javax.validation.groups.Default], attributes={groups=[Ljava.lang.Class;@788ddc1f, message={javax.validation.constraints.NotNull.message}, payload=[Ljava.lang.Class;@2dc3271b}, constraintType=GENERIC, valueUnwrapping=DEFAULT}.
‘10:51:28.759 [Test worker] DEBUG org.hibernate.validator.internal.metadata.descriptor.ConstraintDescriptorImpl - Adding composing constraint: ConstraintDescriptorImpl{annotation=j.v.c.Size, payloads=[], hasComposingConstraints=true, isReportAsSingleInvalidConstraint=false, constraintLocationKind=FIELD, definedOn=DEFINED_LOCALLY, groups=[interface javax.validation.groups.Default], attributes={groups=[Ljava.lang.Class;@1f346ad2, min=1, message={javax.validation.constraints.Size.message}, payload=[Ljava.lang.Class;@46a145ba, max=2147483647}, constraintType=GENERIC, valueUnwrapping=DEFAULT}.
¬10:51:28.772 [Test worker] DEBUG org.hibernate.validator.internal.metadata.descriptor.ConstraintDescriptorImpl - Adding composing constraint: ConstraintDescriptorImpl{annotation=j.v.c.NotNull, payloads=[], hasComposingConstraints=true, isReportAsSingleInvalidConstraint=false, constraintLocationKind=FIELD, definedOn=DEFINED_LOCALLY, groups=[interface javax.validation.groups.Default], attributes={groups=[Ljava.lang.Class;@ae202c6, message={javax.validation.constraints.NotNull.message}, payload=[Ljava.lang.Class;@46aa712c}, constraintType=GENERIC, valueUnwrapping=DEFAULT}.
‘10:51:28.772 [Test worker] DEBUG org.hibernate.validator.internal.metadata.descriptor.ConstraintDescriptorImpl - Adding composing constraint: ConstraintDescriptorImpl{annotation=j.v.c.Size, payloads=[], hasComposingConstraints=true, isReportAsSingleInvalidConstraint=false, constraintLocationKind=FIELD, definedOn=DEFINED_LOCALLY, groups=[interface javax.validation.groups.Default], attributes={groups=[Ljava.lang.Class;@6ada9c0c, min=1, message={javax.validation.constraints.Size.message}, payload=[Ljava.lang.Class;@7412ed6b, max=2147483647}, constraintType=GENERIC, valueUnwrapping=DEFAULT}.
¨10:51:28.814 [Test worker] DEBUG org.springframework.core.LocalVariableTableParameterNameDiscoverer - ASM ClassReader failed to parse class file [class java.lang.Object], probably due to a new Java class file version that isn't supported yet - unable to determine constructor/method parameter names
Mjava.lang.IllegalArgumentException: Unsupported class file major version 67
F	at org.springframework.asm.ClassReader.<init>(ClassReader.java:199)
F	at org.springframework.asm.ClassReader.<init>(ClassReader.java:180)
F	at org.springframework.asm.ClassReader.<init>(ClassReader.java:166)
F	at org.springframework.asm.ClassReader.<init>(ClassReader.java:287)
â	at org.springframework.core.LocalVariableTableParameterNameDiscoverer.inspectClass(LocalVariableTableParameterNameDiscoverer.java:113)
c	at java.base/java.util.concurrent.ConcurrentHashMap.computeIfAbsent(ConcurrentHashMap.java:1713)
è	at org.springframework.core.LocalVariableTableParameterNameDiscoverer.doGetParameterNames(LocalVariableTableParameterNameDiscoverer.java:90)
ç	at org.springframework.core.LocalVariableTableParameterNameDiscoverer.getParameterNames(LocalVariableTableParameterNameDiscoverer.java:78)
	at org.springframework.core.PrioritizedParameterNameDiscoverer.getParameterNames(PrioritizedParameterNameDiscoverer.java:55)
Ö	at org.springframework.validation.beanvalidation.LocalValidatorFactoryBean$1.getParameterNames(LocalValidatorFactoryBean.java:356)
Ü	at org.hibernate.validator.internal.util.ExecutableParameterNameProvider.getParameterNames(ExecutableParameterNameProvider.java:37)
z	at org.hibernate.validator.internal.properties.javabean.JavaBeanExecutable.getParameterName(JavaBeanExecutable.java:79)
v	at org.hibernate.validator.internal.metadata.aggregated.ParameterMetaData$Builder.build(ParameterMetaData.java:165)
à	at org.hibernate.validator.internal.metadata.aggregated.ExecutableMetaData$Builder.findParameterMetaData(ExecutableMetaData.java:436)
x	at org.hibernate.validator.internal.metadata.aggregated.ExecutableMetaData$Builder.build(ExecutableMetaData.java:391)
Ç	at org.hibernate.validator.internal.metadata.aggregated.BeanMetaDataBuilder$BuilderDelegate.build(BeanMetaDataBuilder.java:260)
r	at org.hibernate.validator.internal.metadata.aggregated.BeanMetaDataBuilder.build(BeanMetaDataBuilder.java:133)
|	at org.hibernate.validator.internal.metadata.BeanMetaDataManagerImpl.createBeanMetaData(BeanMetaDataManagerImpl.java:206)
y	at org.hibernate.validator.internal.metadata.BeanMetaDataManagerImpl.getBeanMetaData(BeanMetaDataManagerImpl.java:165)
\	at org.hibernate.validator.internal.engine.ValidatorImpl.validate(ValidatorImpl.java:156)
t	at org.springframework.validation.beanvalidation.SpringValidatorAdapter.validate(SpringValidatorAdapter.java:358)
|	at org.springframework.samples.petclinic.model.ValidatorTests.shouldNotValidateWhenFirstNameEmpty(ValidatorTests.java:37)
k	at java.base/jdk.internal.reflect.DirectMethodHandleAccessor.invoke(DirectMethodHandleAccessor.java:103)
@	at java.base/java.lang.reflect.Method.invoke(Method.java:580)
Z	at org.junit.runners.model.FrameworkMethod$1.runReflectiveCall(FrameworkMethod.java:59)
Y	at org.junit.internal.runners.model.ReflectiveCallable.run(ReflectiveCallable.java:12)
X	at org.junit.runners.model.FrameworkMethod.invokeExplosively(FrameworkMethod.java:56)
W	at org.junit.internal.runners.statements.InvokeMethod.evaluate(InvokeMethod.java:17)
F	at org.junit.runners.ParentRunner$3.evaluate(ParentRunner.java:306)
Z	at org.junit.runners.BlockJUnit4ClassRunner$1.evaluate(BlockJUnit4ClassRunner.java:100)
C	at org.junit.runners.ParentRunner.runLeaf(ParentRunner.java:366)
X	at org.junit.runners.BlockJUnit4ClassRunner.runChild(BlockJUnit4ClassRunner.java:103)
W	at org.junit.runners.BlockJUnit4ClassRunner.runChild(BlockJUnit4ClassRunner.java:63)
A	at org.junit.runners.ParentRunner$4.run(ParentRunner.java:331)
E	at org.junit.runners.ParentRunner$1.schedule(ParentRunner.java:79)
G	at org.junit.runners.ParentRunner.runChildren(ParentRunner.java:329)
E	at org.junit.runners.ParentRunner.access$100(ParentRunner.java:66)
F	at org.junit.runners.ParentRunner$2.evaluate(ParentRunner.java:293)
F	at org.junit.runners.ParentRunner$3.evaluate(ParentRunner.java:306)
?	at org.junit.runners.ParentRunner.run(ParentRunner.java:413)
v	at org.gradle.api.internal.tasks.testing.junit.JUnitTestClassExecutor.runTestClass(JUnitTestClassExecutor.java:112)
p	at org.gradle.api.internal.tasks.testing.junit.JUnitTestClassExecutor.execute(JUnitTestClassExecutor.java:58)
p	at org.gradle.api.internal.tasks.testing.junit.JUnitTestClassExecutor.execute(JUnitTestClassExecutor.java:40)
ã	at org.gradle.api.internal.tasks.testing.junit.AbstractJUnitTestClassProcessor.processTestClass(AbstractJUnitTestClassProcessor.java:54)
u	at org.gradle.api.internal.tasks.testing.SuiteTestClassProcessor.processTestClass(SuiteTestClassProcessor.java:53)
k	at java.base/jdk.internal.reflect.DirectMethodHandleAccessor.invoke(DirectMethodHandleAccessor.java:103)
@	at java.base/java.lang.reflect.Method.invoke(Method.java:580)
Z	at org.gradle.internal.dispatch.ReflectionDispatch.dispatch(ReflectionDispatch.java:36)
Z	at org.gradle.internal.dispatch.ReflectionDispatch.dispatch(ReflectionDispatch.java:24)
j	at org.gradle.internal.dispatch.ContextClassLoaderDispatch.dispatch(ContextClassLoaderDispatch.java:33)
y	at org.gradle.internal.dispatch.ProxyDispatchAdapter$DispatchingInvocationHandler.invoke(ProxyDispatchAdapter.java:92)
D	at jdk.proxy2/jdk.proxy2.$Proxy6.processTestClass(Unknown Source)
X	at org.gradle.api.internal.tasks.testing.worker.TestWorker$2.run(TestWorker.java:183)
o	at org.gradle.api.internal.tasks.testing.worker.TestWorker.executeAndMaintainThreadName(TestWorker.java:132)
Z	at org.gradle.api.internal.tasks.testing.worker.TestWorker.execute(TestWorker.java:103)
Y	at org.gradle.api.internal.tasks.testing.worker.TestWorker.execute(TestWorker.java:63)
k	at org.gradle.process.internal.worker.child.ActionExecutionWorker.execute(ActionExecutionWorker.java:56)
É	at org.gradle.process.internal.worker.child.SystemApplicationClassLoaderWorker.call(SystemApplicationClassLoaderWorker.java:121)
Ç	at org.gradle.process.internal.worker.child.SystemApplicationClassLoaderWorker.call(SystemApplicationClassLoaderWorker.java:71)
^	at worker.org.gradle.process.internal.worker.GradleWorkerMain.run(GradleWorkerMain.java:69)
_	at worker.org.gradle.process.internal.worker.GradleWorkerMain.main(GradleWorkerMain.java:74)
à10:51:28.878 [Test worker] DEBUG org.hibernate.validator.resourceloading.PlatformResourceBundleLocator - ValidationMessages not found.
ì10:51:28.893 [Test worker] DEBUG org.hibernate.validator.resourceloading.PlatformResourceBundleLocator - ContributorValidationMessages not found.
ú10:51:28.893 [Test worker] DEBUG org.hibernate.validator.resourceloading.PlatformResourceBundleLocator - org.hibernate.validator.ValidationMessages found.
 ›10:51:29.113 [Test worker] DEBUG org.springframework.test.context.junit4.SpringJUnit4ClassRunner - SpringJUnit4ClassRunner constructor called with [class org.springframework.samples.petclinic.owner.OwnerControllerTests]
 ›10:51:29.129 [Test worker] DEBUG org.springframework.test.context.BootstrapUtils - Instantiating CacheAwareContextLoaderDelegate from class [org.springframework.test.context.cache.DefaultCacheAwareContextLoaderDelegate]
 °10:51:29.129 [Test worker] DEBUG org.springframework.test.context.BootstrapUtils - Instantiating BootstrapContext using constructor [public org.springframework.test.context.support.DefaultBootstrapContext(java.lang.Class,org.springframework.test.context.CacheAwareContextLoaderDelegate)]
 Ø10:51:29.207 [Test worker] DEBUG org.springframework.test.context.BootstrapUtils - Instantiating TestContextBootstrapper for test class [org.springframework.samples.petclinic.owner.OwnerControllerTests] from class [org.springframework.boot.test.autoconfigure.web.servlet.WebMvcTestContextBootstrapper]
 §10:51:29.223 [Test worker] INFO org.springframework.boot.test.autoconfigure.web.servlet.WebMvcTestContextBootstrapper - Neither @ContextConfiguration nor @ContextHierarchy found for test class [org.springframework.samples.petclinic.owner.OwnerControllerTests], using SpringBootContextLoader
 —10:51:29.239 [Test worker] DEBUG org.springframework.test.context.support.AbstractContextLoader - Did not detect default resource location for test class [org.springframework.samples.petclinic.owner.OwnerControllerTests]: class path resource [org/springframework/samples/petclinic/owner/OwnerControllerTests-context.xml] does not exist
 ”10:51:29.239 [Test worker] DEBUG org.springframework.test.context.support.AbstractContextLoader - Did not detect default resource location for test class [org.springframework.samples.petclinic.owner.OwnerControllerTests]: class path resource [org/springframework/samples/petclinic/owner/OwnerControllerTestsContext.groovy] does not exist
 †10:51:29.239 [Test worker] INFO org.springframework.test.context.support.AbstractContextLoader - Could not detect default resource locations for test class [org.springframework.samples.petclinic.owner.OwnerControllerTests]: no resource found for suffixes {-context.xml, Context.groovy}.
 È10:51:29.239 [Test worker] INFO org.springframework.test.context.support.AnnotationConfigContextLoaderUtils - Could not detect default configuration classes for test class [org.springframework.samples.petclinic.owner.OwnerControllerTests]: OwnerControllerTests does not declare any static, non-private, non-final, nested classes annotated with @Configuration.
 £10:51:29.373 [Test worker] DEBUG org.springframework.test.context.support.ActiveProfilesUtils - Could not find an 'annotation declaring class' for annotation type [org.springframework.test.context.ActiveProfiles] and class [org.springframework.samples.petclinic.owner.OwnerControllerTests]
 ¡10:51:29.475 [Test worker] DEBUG org.springframework.context.annotation.ClassPathScanningCandidateComponentProvider - Identified candidate component class: file [C:\Users\ClemensNikolaus\OneDrive - Comquent GmbH\Desktop\petclinic\build\classes\java\main\org\springframework\samples\petclinic\PetClinicApplication.class]
 ï10:51:29.475 [Test worker] INFO org.springframework.boot.test.context.SpringBootTestContextBootstrapper - Found @SpringBootConfiguration org.springframework.samples.petclinic.PetClinicApplication for test class org.springframework.samples.petclinic.owner.OwnerControllerTests
 ˇ10:51:29.489 [Test worker] DEBUG org.springframework.boot.test.autoconfigure.web.servlet.WebMvcTestContextBootstrapper - @TestExecutionListeners is not present for class [org.springframework.samples.petclinic.owner.OwnerControllerTests]: using defaults.
 ¬10:51:29.489 [Test worker] INFO org.springframework.boot.test.autoconfigure.web.servlet.WebMvcTestContextBootstrapper - Loaded default TestExecutionListener class names from location [META-INF/spring.factories]: [org.springframework.boot.test.autoconfigure.restdocs.RestDocsTestExecutionListener, org.springframework.boot.test.autoconfigure.web.client.MockRestServiceServerResetTestExecutionListener, org.springframework.boot.test.autoconfigure.web.servlet.MockMvcPrintOnlyOnFailureTestExecutionListener, org.springframework.boot.test.autoconfigure.web.servlet.WebDriverTestExecutionListener, org.springframework.boot.test.autoconfigure.webservices.client.MockWebServiceServerTestExecutionListener, org.springframework.boot.test.mock.mockito.MockitoTestExecutionListener, org.springframework.boot.test.mock.mockito.ResetMocksTestExecutionListener, org.springframework.test.context.web.ServletTestExecutionListener, org.springframework.test.context.support.DirtiesContextBeforeModesTestExecutionListener, org.springframework.test.context.event.ApplicationEventsTestExecutionListener, org.springframework.test.context.support.DependencyInjectionTestExecutionListener, org.springframework.test.context.support.DirtiesContextTestExecutionListener, org.springframework.test.context.transaction.TransactionalTestExecutionListener, org.springframework.test.context.jdbc.SqlScriptsTestExecutionListener, org.springframework.test.context.event.EventPublishingTestExecutionListener]
 ñ10:51:29.507 [Test worker] INFO org.springframework.boot.test.autoconfigure.web.servlet.WebMvcTestContextBootstrapper - Using TestExecutionListeners: [org.springframework.test.context.web.ServletTestExecutionListener@573aeab2, org.springframework.test.context.support.DirtiesContextBeforeModesTestExecutionListener@1304e0d7, org.springframework.test.context.event.ApplicationEventsTestExecutionListener@6ddc67d0, org.springframework.boot.test.mock.mockito.MockitoTestExecutionListener@7767bd4e, org.springframework.boot.test.autoconfigure.SpringBootDependencyInjectionTestExecutionListener@7708b66a, org.springframework.test.context.support.DirtiesContextTestExecutionListener@433ef204, org.springframework.test.context.transaction.TransactionalTestExecutionListener@4dd2ef54, org.springframework.test.context.jdbc.SqlScriptsTestExecutionListener@795b66d, org.springframework.test.context.event.EventPublishingTestExecutionListener@359ceb13, org.springframework.boot.test.autoconfigure.restdocs.RestDocsTestExecutionListener@1068176, org.springframework.boot.test.autoconfigure.web.client.MockRestServiceServerResetTestExecutionListener@5bf4764d, org.springframework.boot.test.autoconfigure.web.servlet.MockMvcPrintOnlyOnFailureTestExecutionListener@71789580, org.springframework.boot.test.autoconfigure.web.servlet.WebDriverTestExecutionListener@23ee2ccf, org.springframework.boot.test.autoconfigure.webservices.client.MockWebServiceServerTestExecutionListener@165614f5, org.springframework.boot.test.mock.mockito.ResetMocksTestExecutionListener@6e685e6c]
 ﬁ10:51:29.507 [Test worker] DEBUG org.springframework.test.annotation.ProfileValueUtils - Retrieved @ProfileValueSourceConfiguration [null] for test class [org.springframework.samples.petclinic.owner.OwnerControllerTests]
 é10:51:29.507 [Test worker] DEBUG org.springframework.test.annotation.ProfileValueUtils - Retrieved ProfileValueSource type [class org.springframework.test.annotation.SystemProfileValueSource] for class [org.springframework.samples.petclinic.owner.OwnerControllerTests]
 ﬁ10:51:29.507 [Test worker] DEBUG org.springframework.test.annotation.ProfileValueUtils - Retrieved @ProfileValueSourceConfiguration [null] for test class [org.springframework.samples.petclinic.owner.OwnerControllerTests]
 é10:51:29.507 [Test worker] DEBUG org.springframework.test.annotation.ProfileValueUtils - Retrieved ProfileValueSource type [class org.springframework.test.annotation.SystemProfileValueSource] for class [org.springframework.samples.petclinic.owner.OwnerControllerTests]
 ﬁ10:51:29.522 [Test worker] DEBUG org.springframework.test.annotation.ProfileValueUtils - Retrieved @ProfileValueSourceConfiguration [null] for test class [org.springframework.samples.petclinic.owner.OwnerControllerTests]
 é10:51:29.522 [Test worker] DEBUG org.springframework.test.annotation.ProfileValueUtils - Retrieved ProfileValueSource type [class org.springframework.test.annotation.SystemProfileValueSource] for class [org.springframework.samples.petclinic.owner.OwnerControllerTests]
 ﬁ10:51:29.522 [Test worker] DEBUG org.springframework.test.annotation.ProfileValueUtils - Retrieved @ProfileValueSourceConfiguration [null] for test class [org.springframework.samples.petclinic.owner.OwnerControllerTests]
 é10:51:29.522 [Test worker] DEBUG org.springframework.test.annotation.ProfileValueUtils - Retrieved ProfileValueSource type [class org.springframework.test.annotation.SystemProfileValueSource] for class [org.springframework.samples.petclinic.owner.OwnerControllerTests]
 ã!10:51:29.522 [Test worker] DEBUG org.springframework.test.context.support.AbstractDirtiesContextTestExecutionListener - Before test class: context [DefaultTestContext@448ade1 testClass = OwnerControllerTests, testInstance = [null], testMethod = [null], testException = [null], mergedContextConfiguration = [WebMergedContextConfiguration@21f9c6ea testClass = OwnerControllerTests, locations = '{}', classes = '{class org.springframework.samples.petclinic.PetClinicApplication}', contextInitializerClasses = '[]', activeProfiles = '{}', propertySourceLocations = '{}', propertySourceProperties = '{org.springframework.boot.test.autoconfigure.web.servlet.WebMvcTestContextBootstrapper=true}', contextCustomizers = set[org.springframework.boot.test.autoconfigure.OverrideAutoConfigurationContextCustomizerFactory$DisableAutoConfigurationContextCustomizer@2a140ce5, org.springframework.boot.test.autoconfigure.actuate.metrics.MetricsExportContextCustomizerFactory$DisableMetricExportContextCustomizer@6da4feeb, org.springframework.boot.test.autoconfigure.filter.TypeExcludeFiltersContextCustomizer@75c375d2, org.springframework.boot.test.autoconfigure.properties.PropertyMappingContextCustomizer@ccb96b4a, org.springframework.boot.test.autoconfigure.web.servlet.WebDriverContextCustomizerFactory$Customizer@738a5848, [ImportsContextCustomizer@418f0534 key = [org.springframework.boot.autoconfigure.cache.CacheAutoConfiguration, org.springframework.boot.autoconfigure.context.MessageSourceAutoConfiguration, org.springframework.boot.autoconfigure.data.web.SpringDataWebAutoConfiguration, org.springframework.boot.autoconfigure.freemarker.FreeMarkerAutoConfiguration, org.springframework.boot.autoconfigure.groovy.template.GroovyTemplateAutoConfiguration, org.springframework.boot.autoconfigure.gson.GsonAutoConfiguration, org.springframework.boot.autoconfigure.hateoas.HypermediaAutoConfiguration, org.springframework.boot.autoconfigure.http.HttpMessageConvertersAutoConfiguration, org.springframework.boot.autoconfigure.jackson.JacksonAutoConfiguration, org.springframework.boot.autoconfigure.jsonb.JsonbAutoConfiguration, org.springframework.boot.autoconfigure.mustache.MustacheAutoConfiguration, org.springframework.boot.autoconfigure.task.TaskExecutionAutoConfiguration, org.springframework.boot.autoconfigure.thymeleaf.ThymeleafAutoConfiguration, org.springframework.boot.autoconfigure.validation.ValidationAutoConfiguration, org.springframework.boot.autoconfigure.web.servlet.error.ErrorMvcAutoConfiguration, org.springframework.boot.autoconfigure.web.servlet.HttpEncodingAutoConfiguration, org.springframework.boot.autoconfigure.web.servlet.WebMvcAutoConfiguration, org.springframework.boot.test.autoconfigure.web.servlet.MockMvcAutoConfiguration, org.springframework.boot.test.autoconfigure.web.servlet.MockMvcWebClientAutoConfiguration, org.springframework.boot.test.autoconfigure.web.servlet.MockMvcWebDriverAutoConfiguration, org.springframework.boot.autoconfigure.security.oauth2.client.servlet.OAuth2ClientAutoConfiguration, org.springframework.boot.autoconfigure.security.oauth2.resource.servlet.OAuth2ResourceServerAutoConfiguration, org.springframework.boot.autoconfigure.security.servlet.SecurityAutoConfiguration, org.springframework.boot.autoconfigure.security.servlet.SecurityFilterAutoConfiguration, org.springframework.boot.autoconfigure.security.servlet.UserDetailsServiceAutoConfiguration, org.springframework.boot.test.autoconfigure.web.servlet.MockMvcSecurityConfiguration, org.springframework.boot.test.autoconfigure.web.reactive.WebTestClientAutoConfiguration]], org.springframework.boot.test.context.filter.ExcludeFilterContextCustomizer@1a9ec80e, org.springframework.boot.test.json.DuplicateJsonObjectContextCustomizerFactory$DuplicateJsonObjectContextCustomizer@4cffd3fd, org.springframework.boot.test.mock.mockito.MockitoContextCustomizer@fdba36a0, org.springframework.boot.test.context.SpringBootTestArgs@1, org.springframework.boot.test.context.SpringBootTestWebEnvironment@0], resourceBasePath = 'src/main/webapp', contextLoader = 'org.springframework.boot.test.context.SpringBootContextLoader', parent = [null]], attributes = map[[empty]]], class annotated with @DirtiesContext [false] with mode [null].
 ﬁ10:51:29.522 [Test worker] DEBUG org.springframework.test.annotation.ProfileValueUtils - Retrieved @ProfileValueSourceConfiguration [null] for test class [org.springframework.samples.petclinic.owner.OwnerControllerTests]
 é10:51:29.522 [Test worker] DEBUG org.springframework.test.annotation.ProfileValueUtils - Retrieved ProfileValueSource type [class org.springframework.test.annotation.SystemProfileValueSource] for class [org.springframework.samples.petclinic.owner.OwnerControllerTests]
 
 
                |\      _,,,--,,_
 #             /,`.-'`'   ._  \-;;,_
 B  _______ __|,4-  ) )_   .;.(__`'-'__     ___ __    _ ___ _______
 C |       | '---''(_/._)-'(_\_)   |   |   |   |  |  | |   |       |
 J |    _  |    ___|_     _|       |   |   |   |   |_| |   |       | __ _ _
 K |   |_| |   |___  |   | |       |   |   |   |       |   |       | \ \ \ \
 L |    ___|    ___| |   | |      _|   |___|   |  _    |   |      _|  \ \ \ \
 M |   |   |   |___  |   | |     |_|       |   | | |   |   |     |_    ) ) ) )
 L |___|   |_______| |___| |_______|_______|___|_|  |__|___|_______|  / / / /
 K ==================================================================/_/_/_/
 
 $:: Built with Spring Boot :: 2.7.16
 
 
  ∞java.lang.instrument.IllegalClassFormatException: Error while instrumenting jdk/jshell/execution/impl/ConsoleImpl$ConsoleProviderImpl with JaCoCo 0.8.10.202304240956/8ea9668.
  e	at org.jacoco.agent.rt.internal_4a7f17c.CoverageTransformer.transform(CoverageTransformer.java:94)
  h	at java.instrument/java.lang.instrument.ClassFileTransformer.transform(ClassFileTransformer.java:242)
  ^	at java.instrument/sun.instrument.TransformerManager.transform(TransformerManager.java:188)
  `	at java.instrument/sun.instrument.InstrumentationImpl.transform(InstrumentationImpl.java:610)
  A	at java.base/java.lang.ClassLoader.defineClass2(Native Method)
  H	at java.base/java.lang.ClassLoader.defineClass(ClassLoader.java:1116)
  W	at java.base/java.security.SecureClassLoader.defineClass(SecureClassLoader.java:182)
  _	at java.base/jdk.internal.loader.BuiltinClassLoader.defineClass(BuiltinClassLoader.java:821)
  k	at java.base/jdk.internal.loader.BuiltinClassLoader.findClassInModuleOrNull(BuiltinClassLoader.java:741)
  ]	at java.base/jdk.internal.loader.BuiltinClassLoader.findClass(BuiltinClassLoader.java:621)
  E	at java.base/java.lang.ClassLoader.loadClass(ClassLoader.java:640)
  7	at java.base/java.lang.Class.forName(Class.java:669)
  7	at java.base/java.lang.Class.forName(Class.java:644)
  L	at java.base/java.util.ServiceLoader.loadProvider(ServiceLoader.java:855)
  [	at java.base/java.util.ServiceLoader$LayerLookupIterator.hasNext(ServiceLoader.java:954)
  J	at java.base/java.util.ServiceLoader$3.hasNext(ServiceLoader.java:1387)
  7	at java.base/java.io.Console$2.run(Console.java:668)
  7	at java.base/java.io.Console$2.run(Console.java:663)
  V	at java.base/java.security.AccessController.doPrivileged(AccessController.java:319)
  D	at java.base/java.io.Console.instantiateConsole(Console.java:663)
  :	at java.base/java.io.Console.<clinit>(Console.java:639)
  O	at java.base/jdk.internal.misc.Unsafe.ensureClassInitialized0(Native Method)
  Q	at java.base/jdk.internal.misc.Unsafe.ensureClassInitialized(Unsafe.java:1161)
  `	at java.base/java.lang.invoke.MethodHandles$Lookup.ensureInitialized(MethodHandles.java:2897)
  `	at java.base/jdk.internal.access.SharedSecrets.ensureClassInitialized(SharedSecrets.java:536)
  Y	at java.base/jdk.internal.access.SharedSecrets.getJavaIOAccess(SharedSecrets.java:279)
  9	at java.base/java.lang.System.console(System.java:304)
  W	at org.springframework.boot.ansi.AnsiOutput.detectIfAnsiCapable(AnsiOutput.java:155)
  M	at org.springframework.boot.ansi.AnsiOutput.isEnabled(AnsiOutput.java:143)
  K	at org.springframework.boot.ansi.AnsiOutput.toString(AnsiOutput.java:94)
  b	at org.springframework.boot.logging.logback.ColorConverter.toAnsiString(ColorConverter.java:77)
  _	at org.springframework.boot.logging.logback.ColorConverter.transform(ColorConverter.java:73)
  _	at org.springframework.boot.logging.logback.ColorConverter.transform(ColorConverter.java:40)
  X	at ch.qos.logback.core.pattern.CompositeConverter.convert(CompositeConverter.java:27)
  X	at ch.qos.logback.core.pattern.FormattingConverter.write(FormattingConverter.java:36)
  e	at ch.qos.logback.core.pattern.PatternLayoutBase.writeLoopOnConverters(PatternLayoutBase.java:115)
  K	at ch.qos.logback.classic.PatternLayout.doLayout(PatternLayout.java:165)
  J	at ch.qos.logback.classic.PatternLayout.doLayout(PatternLayout.java:39)
  ^	at ch.qos.logback.core.encoder.LayoutWrappingEncoder.encode(LayoutWrappingEncoder.java:116)
  W	at ch.qos.logback.core.OutputStreamAppender.subAppend(OutputStreamAppender.java:230)
  T	at ch.qos.logback.core.OutputStreamAppender.append(OutputStreamAppender.java:102)
  a	at ch.qos.logback.core.UnsynchronizedAppenderBase.doAppend(UnsynchronizedAppenderBase.java:84)
  j	at ch.qos.logback.core.spi.AppenderAttachableImpl.appendLoopOnAppenders(AppenderAttachableImpl.java:51)
  J	at ch.qos.logback.classic.Logger.appendLoopOnAppenders(Logger.java:270)
  B	at ch.qos.logback.classic.Logger.callAppenders(Logger.java:257)
  O	at ch.qos.logback.classic.Logger.buildLoggingEventAndAppend(Logger.java:421)
  K	at ch.qos.logback.classic.Logger.filterAndLog_0_Or3Plus(Logger.java:383)
  8	at ch.qos.logback.classic.Logger.log(Logger.java:765)
  [	at org.apache.commons.logging.LogAdapter$Slf4jLocationAwareLog.info(LogAdapter.java:454)
  W	at org.springframework.boot.StartupInfoLogger.logStarting(StartupInfoLogger.java:55)
  [	at org.springframework.boot.SpringApplication.logStartupInfo(SpringApplication.java:615)
  [	at org.springframework.boot.SpringApplication.prepareContext(SpringApplication.java:377)
  P	at org.springframework.boot.SpringApplication.run(SpringApplication.java:306)
  q	at org.springframework.boot.test.context.SpringBootContextLoader.loadContext(SpringBootContextLoader.java:136)
  ò	at org.springframework.test.context.cache.DefaultCacheAwareContextLoaderDelegate.loadContextInternal(DefaultCacheAwareContextLoaderDelegate.java:141)
  è	at org.springframework.test.context.cache.DefaultCacheAwareContextLoaderDelegate.loadContext(DefaultCacheAwareContextLoaderDelegate.java:90)
  t	at org.springframework.test.context.support.DefaultTestContext.getApplicationContext(DefaultTestContext.java:124)
  Ü	at org.springframework.boot.test.mock.mockito.MockitoTestExecutionListener.postProcessFields(MockitoTestExecutionListener.java:110)
  Ä	at org.springframework.boot.test.mock.mockito.MockitoTestExecutionListener.injectFields(MockitoTestExecutionListener.java:94)
  á	at org.springframework.boot.test.mock.mockito.MockitoTestExecutionListener.prepareTestInstance(MockitoTestExecutionListener.java:61)
  j	at org.springframework.test.context.TestContextManager.prepareTestInstance(TestContextManager.java:248)
  r	at org.springframework.test.context.junit4.SpringJUnit4ClassRunner.createTest(SpringJUnit4ClassRunner.java:227)
  {	at org.springframework.test.context.junit4.SpringJUnit4ClassRunner$1.runReflectiveCall(SpringJUnit4ClassRunner.java:289)
  Y	at org.junit.internal.runners.model.ReflectiveCallable.run(ReflectiveCallable.java:12)
  s	at org.springframework.test.context.junit4.SpringJUnit4ClassRunner.methodBlock(SpringJUnit4ClassRunner.java:291)
  p	at org.springframework.test.context.junit4.SpringJUnit4ClassRunner.runChild(SpringJUnit4ClassRunner.java:246)
  o	at org.springframework.test.context.junit4.SpringJUnit4ClassRunner.runChild(SpringJUnit4ClassRunner.java:97)
  A	at org.junit.runners.ParentRunner$4.run(ParentRunner.java:331)
  E	at org.junit.runners.ParentRunner$1.schedule(ParentRunner.java:79)
  G	at org.junit.runners.ParentRunner.runChildren(ParentRunner.java:329)
  E	at org.junit.runners.ParentRunner.access$100(ParentRunner.java:66)
  F	at org.junit.runners.ParentRunner$2.evaluate(ParentRunner.java:293)
  Ç	at org.springframework.test.context.junit4.statements.RunBeforeTestClassCallbacks.evaluate(RunBeforeTestClassCallbacks.java:61)
  Ä	at org.springframework.test.context.junit4.statements.RunAfterTestClassCallbacks.evaluate(RunAfterTestClassCallbacks.java:70)
  F	at org.junit.runners.ParentRunner$3.evaluate(ParentRunner.java:306)
  ?	at org.junit.runners.ParentRunner.run(ParentRunner.java:413)
  k	at org.springframework.test.context.junit4.SpringJUnit4ClassRunner.run(SpringJUnit4ClassRunner.java:190)
  v	at org.gradle.api.internal.tasks.testing.junit.JUnitTestClassExecutor.runTestClass(JUnitTestClassExecutor.java:112)
  p	at org.gradle.api.internal.tasks.testing.junit.JUnitTestClassExecutor.execute(JUnitTestClassExecutor.java:58)
  p	at org.gradle.api.internal.tasks.testing.junit.JUnitTestClassExecutor.execute(JUnitTestClassExecutor.java:40)
  ã	at org.gradle.api.internal.tasks.testing.junit.AbstractJUnitTestClassProcessor.processTestClass(AbstractJUnitTestClassProcessor.java:54)
  u	at org.gradle.api.internal.tasks.testing.SuiteTestClassProcessor.processTestClass(SuiteTestClassProcessor.java:53)
  k	at java.base/jdk.internal.reflect.DirectMethodHandleAccessor.invoke(DirectMethodHandleAccessor.java:103)
  @	at java.base/java.lang.reflect.Method.invoke(Method.java:580)
  Z	at org.gradle.internal.dispatch.ReflectionDispatch.dispatch(ReflectionDispatch.java:36)
  Z	at org.gradle.internal.dispatch.ReflectionDispatch.dispatch(ReflectionDispatch.java:24)
  j	at org.gradle.internal.dispatch.ContextClassLoaderDispatch.dispatch(ContextClassLoaderDispatch.java:33)
  y	at org.gradle.internal.dispatch.ProxyDispatchAdapter$DispatchingInvocationHandler.invoke(ProxyDispatchAdapter.java:92)
  D	at jdk.proxy2/jdk.proxy2.$Proxy6.processTestClass(Unknown Source)
  X	at org.gradle.api.internal.tasks.testing.worker.TestWorker$2.run(TestWorker.java:183)
  o	at org.gradle.api.internal.tasks.testing.worker.TestWorker.executeAndMaintainThreadName(TestWorker.java:132)
  Z	at org.gradle.api.internal.tasks.testing.worker.TestWorker.execute(TestWorker.java:103)
  Y	at org.gradle.api.internal.tasks.testing.worker.TestWorker.execute(TestWorker.java:63)
  k	at org.gradle.process.internal.worker.child.ActionExecutionWorker.execute(ActionExecutionWorker.java:56)
  É	at org.gradle.process.internal.worker.child.SystemApplicationClassLoaderWorker.call(SystemApplicationClassLoaderWorker.java:121)
  Ç	at org.gradle.process.internal.worker.child.SystemApplicationClassLoaderWorker.call(SystemApplicationClassLoaderWorker.java:71)
  ^	at worker.org.gradle.process.internal.worker.GradleWorkerMain.run(GradleWorkerMain.java:69)
  _	at worker.org.gradle.process.internal.worker.GradleWorkerMain.main(GradleWorkerMain.java:74)
  ûCaused by: java.io.IOException: Error while instrumenting jdk/jshell/execution/impl/ConsoleImpl$ConsoleProviderImpl with JaCoCo 0.8.10.202304240956/8ea9668.
  i	at org.jacoco.agent.rt.internal_4a7f17c.core.instr.Instrumenter.instrumentError(Instrumenter.java:161)
  d	at org.jacoco.agent.rt.internal_4a7f17c.core.instr.Instrumenter.instrument(Instrumenter.java:111)
  e	at org.jacoco.agent.rt.internal_4a7f17c.CoverageTransformer.transform(CoverageTransformer.java:92)
  	... 97 more
  XCaused by: java.lang.IllegalArgumentException: Unsupported class file major version 67
  W	at org.jacoco.agent.rt.internal_4a7f17c.asm.ClassReader.<init>(ClassReader.java:199)
  W	at org.jacoco.agent.rt.internal_4a7f17c.asm.ClassReader.<init>(ClassReader.java:180)
  W	at org.jacoco.agent.rt.internal_4a7f17c.asm.ClassReader.<init>(ClassReader.java:166)
  q	at org.jacoco.agent.rt.internal_4a7f17c.core.internal.instr.InstrSupport.classReaderFor(InstrSupport.java:280)
  c	at org.jacoco.agent.rt.internal_4a7f17c.core.instr.Instrumenter.instrument(Instrumenter.java:77)
  d	at org.jacoco.agent.rt.internal_4a7f17c.core.instr.Instrumenter.instrument(Instrumenter.java:109)
  	... 98 more
  §java.lang.instrument.IllegalClassFormatException: Error while instrumenting jdk/internal/org/jline/JdkConsoleProviderImpl with JaCoCo 0.8.10.202304240956/8ea9668.
  e	at org.jacoco.agent.rt.internal_4a7f17c.CoverageTransformer.transform(CoverageTransformer.java:94)
  h	at java.instrument/java.lang.instrument.ClassFileTransformer.transform(ClassFileTransformer.java:242)
  ^	at java.instrument/sun.instrument.TransformerManager.transform(TransformerManager.java:188)
  `	at java.instrument/sun.instrument.InstrumentationImpl.transform(InstrumentationImpl.java:610)
  A	at java.base/java.lang.ClassLoader.defineClass2(Native Method)
  H	at java.base/java.lang.ClassLoader.defineClass(ClassLoader.java:1116)
  W	at java.base/java.security.SecureClassLoader.defineClass(SecureClassLoader.java:182)
  _	at java.base/jdk.internal.loader.BuiltinClassLoader.defineClass(BuiltinClassLoader.java:821)
  k	at java.base/jdk.internal.loader.BuiltinClassLoader.findClassInModuleOrNull(BuiltinClassLoader.java:741)
  ]	at java.base/jdk.internal.loader.BuiltinClassLoader.findClass(BuiltinClassLoader.java:621)
  E	at java.base/java.lang.ClassLoader.loadClass(ClassLoader.java:640)
  7	at java.base/java.lang.Class.forName(Class.java:669)
  7	at java.base/java.lang.Class.forName(Class.java:644)
  L	at java.base/java.util.ServiceLoader.loadProvider(ServiceLoader.java:855)
  [	at java.base/java.util.ServiceLoader$LayerLookupIterator.hasNext(ServiceLoader.java:954)
  J	at java.base/java.util.ServiceLoader$3.hasNext(ServiceLoader.java:1387)
  7	at java.base/java.io.Console$2.run(Console.java:668)
  7	at java.base/java.io.Console$2.run(Console.java:663)
  V	at java.base/java.security.AccessController.doPrivileged(AccessController.java:319)
  D	at java.base/java.io.Console.instantiateConsole(Console.java:663)
  :	at java.base/java.io.Console.<clinit>(Console.java:639)
  O	at java.base/jdk.internal.misc.Unsafe.ensureClassInitialized0(Native Method)
  Q	at java.base/jdk.internal.misc.Unsafe.ensureClassInitialized(Unsafe.java:1161)
  `	at java.base/java.lang.invoke.MethodHandles$Lookup.ensureInitialized(MethodHandles.java:2897)
  `	at java.base/jdk.internal.access.SharedSecrets.ensureClassInitialized(SharedSecrets.java:536)
  Y	at java.base/jdk.internal.access.SharedSecrets.getJavaIOAccess(SharedSecrets.java:279)
  9	at java.base/java.lang.System.console(System.java:304)
  W	at org.springframework.boot.ansi.AnsiOutput.detectIfAnsiCapable(AnsiOutput.java:155)
  M	at org.springframework.boot.ansi.AnsiOutput.isEnabled(AnsiOutput.java:143)
  K	at org.springframework.boot.ansi.AnsiOutput.toString(AnsiOutput.java:94)
  b	at org.springframework.boot.logging.logback.ColorConverter.toAnsiString(ColorConverter.java:77)
  _	at org.springframework.boot.logging.logback.ColorConverter.transform(ColorConverter.java:73)
  _	at org.springframework.boot.logging.logback.ColorConverter.transform(ColorConverter.java:40)
  X	at ch.qos.logback.core.pattern.CompositeConverter.convert(CompositeConverter.java:27)
  X	at ch.qos.logback.core.pattern.FormattingConverter.write(FormattingConverter.java:36)
  e	at ch.qos.logback.core.pattern.PatternLayoutBase.writeLoopOnConverters(PatternLayoutBase.java:115)
  K	at ch.qos.logback.classic.PatternLayout.doLayout(PatternLayout.java:165)
  J	at ch.qos.logback.classic.PatternLayout.doLayout(PatternLayout.java:39)
  ^	at ch.qos.logback.core.encoder.LayoutWrappingEncoder.encode(LayoutWrappingEncoder.java:116)
  W	at ch.qos.logback.core.OutputStreamAppender.subAppend(OutputStreamAppender.java:230)
  T	at ch.qos.logback.core.OutputStreamAppender.append(OutputStreamAppender.java:102)
  a	at ch.qos.logback.core.UnsynchronizedAppenderBase.doAppend(UnsynchronizedAppenderBase.java:84)
  j	at ch.qos.logback.core.spi.AppenderAttachableImpl.appendLoopOnAppenders(AppenderAttachableImpl.java:51)
  J	at ch.qos.logback.classic.Logger.appendLoopOnAppenders(Logger.java:270)
  B	at ch.qos.logback.classic.Logger.callAppenders(Logger.java:257)
  O	at ch.qos.logback.classic.Logger.buildLoggingEventAndAppend(Logger.java:421)
  K	at ch.qos.logback.classic.Logger.filterAndLog_0_Or3Plus(Logger.java:383)
  8	at ch.qos.logback.classic.Logger.log(Logger.java:765)
  [	at org.apache.commons.logging.LogAdapter$Slf4jLocationAwareLog.info(LogAdapter.java:454)
  W	at org.springframework.boot.StartupInfoLogger.logStarting(StartupInfoLogger.java:55)
  [	at org.springframework.boot.SpringApplication.logStartupInfo(SpringApplication.java:615)
  [	at org.springframework.boot.SpringApplication.prepareContext(SpringApplication.java:377)
  P	at org.springframework.boot.SpringApplication.run(SpringApplication.java:306)
  q	at org.springframework.boot.test.context.SpringBootContextLoader.loadContext(SpringBootContextLoader.java:136)
  ò	at org.springframework.test.context.cache.DefaultCacheAwareContextLoaderDelegate.loadContextInternal(DefaultCacheAwareContextLoaderDelegate.java:141)
  è	at org.springframework.test.context.cache.DefaultCacheAwareContextLoaderDelegate.loadContext(DefaultCacheAwareContextLoaderDelegate.java:90)
  t	at org.springframework.test.context.support.DefaultTestContext.getApplicationContext(DefaultTestContext.java:124)
  Ü	at org.springframework.boot.test.mock.mockito.MockitoTestExecutionListener.postProcessFields(MockitoTestExecutionListener.java:110)
  Ä	at org.springframework.boot.test.mock.mockito.MockitoTestExecutionListener.injectFields(MockitoTestExecutionListener.java:94)
  á	at org.springframework.boot.test.mock.mockito.MockitoTestExecutionListener.prepareTestInstance(MockitoTestExecutionListener.java:61)
  j	at org.springframework.test.context.TestContextManager.prepareTestInstance(TestContextManager.java:248)
  r	at org.springframework.test.context.junit4.SpringJUnit4ClassRunner.createTest(SpringJUnit4ClassRunner.java:227)
  {	at org.springframework.test.context.junit4.SpringJUnit4ClassRunner$1.runReflectiveCall(SpringJUnit4ClassRunner.java:289)
  Y	at org.junit.internal.runners.model.ReflectiveCallable.run(ReflectiveCallable.java:12)
  s	at org.springframework.test.context.junit4.SpringJUnit4ClassRunner.methodBlock(SpringJUnit4ClassRunner.java:291)
  p	at org.springframework.test.context.junit4.SpringJUnit4ClassRunner.runChild(SpringJUnit4ClassRunner.java:246)
  o	at org.springframework.test.context.junit4.SpringJUnit4ClassRunner.runChild(SpringJUnit4ClassRunner.java:97)
  A	at org.junit.runners.ParentRunner$4.run(ParentRunner.java:331)
  E	at org.junit.runners.ParentRunner$1.schedule(ParentRunner.java:79)
  G	at org.junit.runners.ParentRunner.runChildren(ParentRunner.java:329)
  E	at org.junit.runners.ParentRunner.access$100(ParentRunner.java:66)
  F	at org.junit.runners.ParentRunner$2.evaluate(ParentRunner.java:293)
  Ç	at org.springframework.test.context.junit4.statements.RunBeforeTestClassCallbacks.evaluate(RunBeforeTestClassCallbacks.java:61)
  Ä	at org.springframework.test.context.junit4.statements.RunAfterTestClassCallbacks.evaluate(RunAfterTestClassCallbacks.java:70)
  F	at org.junit.runners.ParentRunner$3.evaluate(ParentRunner.java:306)
  ?	at org.junit.runners.ParentRunner.run(ParentRunner.java:413)
  k	at org.springframework.test.context.junit4.SpringJUnit4ClassRunner.run(SpringJUnit4ClassRunner.java:190)
  v	at org.gradle.api.internal.tasks.testing.junit.JUnitTestClassExecutor.runTestClass(JUnitTestClassExecutor.java:112)
  p	at org.gradle.api.internal.tasks.testing.junit.JUnitTestClassExecutor.execute(JUnitTestClassExecutor.java:58)
  p	at org.gradle.api.internal.tasks.testing.junit.JUnitTestClassExecutor.execute(JUnitTestClassExecutor.java:40)
  ã	at org.gradle.api.internal.tasks.testing.junit.AbstractJUnitTestClassProcessor.processTestClass(AbstractJUnitTestClassProcessor.java:54)
  u	at org.gradle.api.internal.tasks.testing.SuiteTestClassProcessor.processTestClass(SuiteTestClassProcessor.java:53)
  k	at java.base/jdk.internal.reflect.DirectMethodHandleAccessor.invoke(DirectMethodHandleAccessor.java:103)
  @	at java.base/java.lang.reflect.Method.invoke(Method.java:580)
  Z	at org.gradle.internal.dispatch.ReflectionDispatch.dispatch(ReflectionDispatch.java:36)
  Z	at org.gradle.internal.dispatch.ReflectionDispatch.dispatch(ReflectionDispatch.java:24)
  j	at org.gradle.internal.dispatch.ContextClassLoaderDispatch.dispatch(ContextClassLoaderDispatch.java:33)
  y	at org.gradle.internal.dispatch.ProxyDispatchAdapter$DispatchingInvocationHandler.invoke(ProxyDispatchAdapter.java:92)
  D	at jdk.proxy2/jdk.proxy2.$Proxy6.processTestClass(Unknown Source)
  X	at org.gradle.api.internal.tasks.testing.worker.TestWorker$2.run(TestWorker.java:183)
  o	at org.gradle.api.internal.tasks.testing.worker.TestWorker.executeAndMaintainThreadName(TestWorker.java:132)
  Z	at org.gradle.api.internal.tasks.testing.worker.TestWorker.execute(TestWorker.java:103)
  Y	at org.gradle.api.internal.tasks.testing.worker.TestWorker.execute(TestWorker.java:63)
  k	at org.gradle.process.internal.worker.child.ActionExecutionWorker.execute(ActionExecutionWorker.java:56)
  É	at org.gradle.process.internal.worker.child.SystemApplicationClassLoaderWorker.call(SystemApplicationClassLoaderWorker.java:121)
  Ç	at org.gradle.process.internal.worker.child.SystemApplicationClassLoaderWorker.call(SystemApplicationClassLoaderWorker.java:71)
  ^	at worker.org.gradle.process.internal.worker.GradleWorkerMain.run(GradleWorkerMain.java:69)
  _	at worker.org.gradle.process.internal.worker.GradleWorkerMain.main(GradleWorkerMain.java:74)
  íCaused by: java.io.IOException: Error while instrumenting jdk/internal/org/jline/JdkConsoleProviderImpl with JaCoCo 0.8.10.202304240956/8ea9668.
  i	at org.jacoco.agent.rt.internal_4a7f17c.core.instr.Instrumenter.instrumentError(Instrumenter.java:161)
  d	at org.jacoco.agent.rt.internal_4a7f17c.core.instr.Instrumenter.instrument(Instrumenter.java:111)
  e	at org.jacoco.agent.rt.internal_4a7f17c.CoverageTransformer.transform(CoverageTransformer.java:92)
  	... 97 more
  XCaused by: java.lang.IllegalArgumentException: Unsupported class file major version 67
  W	at org.jacoco.agent.rt.internal_4a7f17c.asm.ClassReader.<init>(ClassReader.java:199)
  W	at org.jacoco.agent.rt.internal_4a7f17c.asm.ClassReader.<init>(ClassReader.java:180)
  W	at org.jacoco.agent.rt.internal_4a7f17c.asm.ClassReader.<init>(ClassReader.java:166)
  q	at org.jacoco.agent.rt.internal_4a7f17c.core.internal.instr.InstrSupport.classReaderFor(InstrSupport.java:280)
  c	at org.jacoco.agent.rt.internal_4a7f17c.core.instr.Instrumenter.instrument(Instrumenter.java:77)
  d	at org.jacoco.agent.rt.internal_4a7f17c.core.instr.Instrumenter.instrument(Instrumenter.java:109)
  	... 98 more
  ¡java.lang.instrument.IllegalClassFormatException: Error while instrumenting jdk/internal/org/jline/JdkConsoleProviderImpl$LazyDelegatingJdkConsoleImpl with JaCoCo 0.8.10.202304240956/8ea9668.
  e	at org.jacoco.agent.rt.internal_4a7f17c.CoverageTransformer.transform(CoverageTransformer.java:94)
  h	at java.instrument/java.lang.instrument.ClassFileTransformer.transform(ClassFileTransformer.java:242)
  ^	at java.instrument/sun.instrument.TransformerManager.transform(TransformerManager.java:188)
  `	at java.instrument/sun.instrument.InstrumentationImpl.transform(InstrumentationImpl.java:610)
  A	at java.base/java.lang.ClassLoader.defineClass2(Native Method)
  H	at java.base/java.lang.ClassLoader.defineClass(ClassLoader.java:1116)
  W	at java.base/java.security.SecureClassLoader.defineClass(SecureClassLoader.java:182)
  _	at java.base/jdk.internal.loader.BuiltinClassLoader.defineClass(BuiltinClassLoader.java:821)
  k	at java.base/jdk.internal.loader.BuiltinClassLoader.findClassInModuleOrNull(BuiltinClassLoader.java:741)
  c	at java.base/jdk.internal.loader.BuiltinClassLoader.loadClassOrNull(BuiltinClassLoader.java:665)
  ]	at java.base/jdk.internal.loader.BuiltinClassLoader.loadClass(BuiltinClassLoader.java:639)
  `	at java.base/jdk.internal.loader.ClassLoaders$AppClassLoader.loadClass(ClassLoaders.java:188)
  E	at java.base/java.lang.ClassLoader.loadClass(ClassLoader.java:528)
  k	at jdk.internal.le/jdk.internal.org.jline.JdkConsoleProviderImpl.console(JdkConsoleProviderImpl.java:53)
  7	at java.base/java.io.Console$2.run(Console.java:670)
  7	at java.base/java.io.Console$2.run(Console.java:663)
  V	at java.base/java.security.AccessController.doPrivileged(AccessController.java:319)
  D	at java.base/java.io.Console.instantiateConsole(Console.java:663)
  :	at java.base/java.io.Console.<clinit>(Console.java:639)
  O	at java.base/jdk.internal.misc.Unsafe.ensureClassInitialized0(Native Method)
  Q	at java.base/jdk.internal.misc.Unsafe.ensureClassInitialized(Unsafe.java:1161)
  `	at java.base/java.lang.invoke.MethodHandles$Lookup.ensureInitialized(MethodHandles.java:2897)
  `	at java.base/jdk.internal.access.SharedSecrets.ensureClassInitialized(SharedSecrets.java:536)
  Y	at java.base/jdk.internal.access.SharedSecrets.getJavaIOAccess(SharedSecrets.java:279)
  9	at java.base/java.lang.System.console(System.java:304)
  W	at org.springframework.boot.ansi.AnsiOutput.detectIfAnsiCapable(AnsiOutput.java:155)
  M	at org.springframework.boot.ansi.AnsiOutput.isEnabled(AnsiOutput.java:143)
  K	at org.springframework.boot.ansi.AnsiOutput.toString(AnsiOutput.java:94)
  b	at org.springframework.boot.logging.logback.ColorConverter.toAnsiString(ColorConverter.java:77)
  _	at org.springframework.boot.logging.logback.ColorConverter.transform(ColorConverter.java:73)
  _	at org.springframework.boot.logging.logback.ColorConverter.transform(ColorConverter.java:40)
  X	at ch.qos.logback.core.pattern.CompositeConverter.convert(CompositeConverter.java:27)
  X	at ch.qos.logback.core.pattern.FormattingConverter.write(FormattingConverter.java:36)
  e	at ch.qos.logback.core.pattern.PatternLayoutBase.writeLoopOnConverters(PatternLayoutBase.java:115)
  K	at ch.qos.logback.classic.PatternLayout.doLayout(PatternLayout.java:165)
  J	at ch.qos.logback.classic.PatternLayout.doLayout(PatternLayout.java:39)
  ^	at ch.qos.logback.core.encoder.LayoutWrappingEncoder.encode(LayoutWrappingEncoder.java:116)
  W	at ch.qos.logback.core.OutputStreamAppender.subAppend(OutputStreamAppender.java:230)
  T	at ch.qos.logback.core.OutputStreamAppender.append(OutputStreamAppender.java:102)
  a	at ch.qos.logback.core.UnsynchronizedAppenderBase.doAppend(UnsynchronizedAppenderBase.java:84)
  j	at ch.qos.logback.core.spi.AppenderAttachableImpl.appendLoopOnAppenders(AppenderAttachableImpl.java:51)
  J	at ch.qos.logback.classic.Logger.appendLoopOnAppenders(Logger.java:270)
  B	at ch.qos.logback.classic.Logger.callAppenders(Logger.java:257)
  O	at ch.qos.logback.classic.Logger.buildLoggingEventAndAppend(Logger.java:421)
  K	at ch.qos.logback.classic.Logger.filterAndLog_0_Or3Plus(Logger.java:383)
  8	at ch.qos.logback.classic.Logger.log(Logger.java:765)
  [	at org.apache.commons.logging.LogAdapter$Slf4jLocationAwareLog.info(LogAdapter.java:454)
  W	at org.springframework.boot.StartupInfoLogger.logStarting(StartupInfoLogger.java:55)
  [	at org.springframework.boot.SpringApplication.logStartupInfo(SpringApplication.java:615)
  [	at org.springframework.boot.SpringApplication.prepareContext(SpringApplication.java:377)
  P	at org.springframework.boot.SpringApplication.run(SpringApplication.java:306)
  q	at org.springframework.boot.test.context.SpringBootContextLoader.loadContext(SpringBootContextLoader.java:136)
  ò	at org.springframework.test.context.cache.DefaultCacheAwareContextLoaderDelegate.loadContextInternal(DefaultCacheAwareContextLoaderDelegate.java:141)
  è	at org.springframework.test.context.cache.DefaultCacheAwareContextLoaderDelegate.loadContext(DefaultCacheAwareContextLoaderDelegate.java:90)
  t	at org.springframework.test.context.support.DefaultTestContext.getApplicationContext(DefaultTestContext.java:124)
  Ü	at org.springframework.boot.test.mock.mockito.MockitoTestExecutionListener.postProcessFields(MockitoTestExecutionListener.java:110)
  Ä	at org.springframework.boot.test.mock.mockito.MockitoTestExecutionListener.injectFields(MockitoTestExecutionListener.java:94)
  á	at org.springframework.boot.test.mock.mockito.MockitoTestExecutionListener.prepareTestInstance(MockitoTestExecutionListener.java:61)
  j	at org.springframework.test.context.TestContextManager.prepareTestInstance(TestContextManager.java:248)
  r	at org.springframework.test.context.junit4.SpringJUnit4ClassRunner.createTest(SpringJUnit4ClassRunner.java:227)
  {	at org.springframework.test.context.junit4.SpringJUnit4ClassRunner$1.runReflectiveCall(SpringJUnit4ClassRunner.java:289)
  Y	at org.junit.internal.runners.model.ReflectiveCallable.run(ReflectiveCallable.java:12)
  s	at org.springframework.test.context.junit4.SpringJUnit4ClassRunner.methodBlock(SpringJUnit4ClassRunner.java:291)
  p	at org.springframework.test.context.junit4.SpringJUnit4ClassRunner.runChild(SpringJUnit4ClassRunner.java:246)
  o	at org.springframework.test.context.junit4.SpringJUnit4ClassRunner.runChild(SpringJUnit4ClassRunner.java:97)
  A	at org.junit.runners.ParentRunner$4.run(ParentRunner.java:331)
  E	at org.junit.runners.ParentRunner$1.schedule(ParentRunner.java:79)
  G	at org.junit.runners.ParentRunner.runChildren(ParentRunner.java:329)
  E	at org.junit.runners.ParentRunner.access$100(ParentRunner.java:66)
  F	at org.junit.runners.ParentRunner$2.evaluate(ParentRunner.java:293)
  Ç	at org.springframework.test.context.junit4.statements.RunBeforeTestClassCallbacks.evaluate(RunBeforeTestClassCallbacks.java:61)
  Ä	at org.springframework.test.context.junit4.statements.RunAfterTestClassCallbacks.evaluate(RunAfterTestClassCallbacks.java:70)
  F	at org.junit.runners.ParentRunner$3.evaluate(ParentRunner.java:306)
  ?	at org.junit.runners.ParentRunner.run(ParentRunner.java:413)
  k	at org.springframework.test.context.junit4.SpringJUnit4ClassRunner.run(SpringJUnit4ClassRunner.java:190)
  v	at org.gradle.api.internal.tasks.testing.junit.JUnitTestClassExecutor.runTestClass(JUnitTestClassExecutor.java:112)
  p	at org.gradle.api.internal.tasks.testing.junit.JUnitTestClassExecutor.execute(JUnitTestClassExecutor.java:58)
  p	at org.gradle.api.internal.tasks.testing.junit.JUnitTestClassExecutor.execute(JUnitTestClassExecutor.java:40)
  ã	at org.gradle.api.internal.tasks.testing.junit.AbstractJUnitTestClassProcessor.processTestClass(AbstractJUnitTestClassProcessor.java:54)
  u	at org.gradle.api.internal.tasks.testing.SuiteTestClassProcessor.processTestClass(SuiteTestClassProcessor.java:53)
  k	at java.base/jdk.internal.reflect.DirectMethodHandleAccessor.invoke(DirectMethodHandleAccessor.java:103)
  @	at java.base/java.lang.reflect.Method.invoke(Method.java:580)
  Z	at org.gradle.internal.dispatch.ReflectionDispatch.dispatch(ReflectionDispatch.java:36)
  Z	at org.gradle.internal.dispatch.ReflectionDispatch.dispatch(ReflectionDispatch.java:24)
  j	at org.gradle.internal.dispatch.ContextClassLoaderDispatch.dispatch(ContextClassLoaderDispatch.java:33)
  y	at org.gradle.internal.dispatch.ProxyDispatchAdapter$DispatchingInvocationHandler.invoke(ProxyDispatchAdapter.java:92)
  D	at jdk.proxy2/jdk.proxy2.$Proxy6.processTestClass(Unknown Source)
  X	at org.gradle.api.internal.tasks.testing.worker.TestWorker$2.run(TestWorker.java:183)
  o	at org.gradle.api.internal.tasks.testing.worker.TestWorker.executeAndMaintainThreadName(TestWorker.java:132)
  Z	at org.gradle.api.internal.tasks.testing.worker.TestWorker.execute(TestWorker.java:103)
  Y	at org.gradle.api.internal.tasks.testing.worker.TestWorker.execute(TestWorker.java:63)
  k	at org.gradle.process.internal.worker.child.ActionExecutionWorker.execute(ActionExecutionWorker.java:56)
  É	at org.gradle.process.internal.worker.child.SystemApplicationClassLoaderWorker.call(SystemApplicationClassLoaderWorker.java:121)
  Ç	at org.gradle.process.internal.worker.child.SystemApplicationClassLoaderWorker.call(SystemApplicationClassLoaderWorker.java:71)
  ^	at worker.org.gradle.process.internal.worker.GradleWorkerMain.run(GradleWorkerMain.java:69)
  _	at worker.org.gradle.process.internal.worker.GradleWorkerMain.main(GradleWorkerMain.java:74)
  ØCaused by: java.io.IOException: Error while instrumenting jdk/internal/org/jline/JdkConsoleProviderImpl$LazyDelegatingJdkConsoleImpl with JaCoCo 0.8.10.202304240956/8ea9668.
  i	at org.jacoco.agent.rt.internal_4a7f17c.core.instr.Instrumenter.instrumentError(Instrumenter.java:161)
  d	at org.jacoco.agent.rt.internal_4a7f17c.core.instr.Instrumenter.instrument(Instrumenter.java:111)
  e	at org.jacoco.agent.rt.internal_4a7f17c.CoverageTransformer.transform(CoverageTransformer.java:92)
  	... 95 more
  XCaused by: java.lang.IllegalArgumentException: Unsupported class file major version 67
  W	at org.jacoco.agent.rt.internal_4a7f17c.asm.ClassReader.<init>(ClassReader.java:199)
  W	at org.jacoco.agent.rt.internal_4a7f17c.asm.ClassReader.<init>(ClassReader.java:180)
  W	at org.jacoco.agent.rt.internal_4a7f17c.asm.ClassReader.<init>(ClassReader.java:166)
  q	at org.jacoco.agent.rt.internal_4a7f17c.core.internal.instr.InstrSupport.classReaderFor(InstrSupport.java:280)
  c	at org.jacoco.agent.rt.internal_4a7f17c.core.instr.Instrumenter.instrument(Instrumenter.java:77)
  d	at org.jacoco.agent.rt.internal_4a7f17c.core.instr.Instrumenter.instrument(Instrumenter.java:109)
  	... 96 more
 ó2025-01-08 10:51:30.232  INFO 23408 --- [    Test worker] o.s.s.p.owner.OwnerControllerTests       : Starting OwnerControllerTests using Java 23.0.1 on CQ-Clemens with PID 23408 (started by ClemensNikolaus in C:\Users\ClemensNikolaus\OneDrive - Comquent GmbH\Desktop\petclinic)
 ñ2025-01-08 10:51:30.247  INFO 23408 --- [    Test worker] o.s.s.p.owner.OwnerControllerTests       : The following 1 profile is active: "production"
 ì2025-01-08 10:51:32.980  INFO 23408 --- [    Test worker] o.s.b.t.m.w.SpringBootMockServletContext : Initializing Spring TestDispatcherServlet ''
 ~2025-01-08 10:51:32.980  INFO 23408 --- [    Test worker] o.s.t.web.servlet.TestDispatcherServlet  : Initializing Servlet ''
 à2025-01-08 10:51:32.996  INFO 23408 --- [    Test worker] o.s.t.web.servlet.TestDispatcherServlet  : Completed initialization in 16 ms
 ´2025-01-08 10:51:33.027  INFO 23408 --- [    Test worker] o.s.s.p.owner.OwnerControllerTests       : Started OwnerControllerTests in 3.43 seconds (JVM running for 5.883)
 è2025-01-08 10:51:33.756  INFO 23408 --- [    Test worker] .b.t.a.w.s.WebMvcTestContextBootstrapper : Neither @ContextConfiguration nor @ContextHierarchy found for test class [org.springframework.samples.petclinic.owner.PetControllerTests], using SpringBootContextLoader
 ¢2025-01-08 10:51:33.756  INFO 23408 --- [    Test worker] o.s.t.c.support.AbstractContextLoader    : Could not detect default resource locations for test class [org.springframework.samples.petclinic.owner.PetControllerTests]: no resource found for suffixes {-context.xml, Context.groovy}.
 ‹2025-01-08 10:51:33.756  INFO 23408 --- [    Test worker] t.c.s.AnnotationConfigContextLoaderUtils : Could not detect default configuration classes for test class [org.springframework.samples.petclinic.owner.PetControllerTests]: PetControllerTests does not declare any static, non-private, non-final, nested classes annotated with @Configuration.
 é2025-01-08 10:51:33.771  INFO 23408 --- [    Test worker] .b.t.c.SpringBootTestContextBootstrapper : Found @SpringBootConfiguration org.springframework.samples.petclinic.PetClinicApplication for test class org.springframework.samples.petclinic.owner.PetControllerTests
 Ø2025-01-08 10:51:33.771  INFO 23408 --- [    Test worker] .b.t.a.w.s.WebMvcTestContextBootstrapper : Loaded default TestExecutionListener class names from location [META-INF/spring.factories]: [org.springframework.boot.test.autoconfigure.restdocs.RestDocsTestExecutionListener, org.springframework.boot.test.autoconfigure.web.client.MockRestServiceServerResetTestExecutionListener, org.springframework.boot.test.autoconfigure.web.servlet.MockMvcPrintOnlyOnFailureTestExecutionListener, org.springframework.boot.test.autoconfigure.web.servlet.WebDriverTestExecutionListener, org.springframework.boot.test.autoconfigure.webservices.client.MockWebServiceServerTestExecutionListener, org.springframework.boot.test.mock.mockito.MockitoTestExecutionListener, org.springframework.boot.test.mock.mockito.ResetMocksTestExecutionListener, org.springframework.test.context.web.ServletTestExecutionListener, org.springframework.test.context.support.DirtiesContextBeforeModesTestExecutionListener, org.springframework.test.context.event.ApplicationEventsTestExecutionListener, org.springframework.test.context.support.DependencyInjectionTestExecutionListener, org.springframework.test.context.support.DirtiesContextTestExecutionListener, org.springframework.test.context.transaction.TransactionalTestExecutionListener, org.springframework.test.context.jdbc.SqlScriptsTestExecutionListener, org.springframework.test.context.event.EventPublishingTestExecutionListener]
 Å2025-01-08 10:51:33.771  INFO 23408 --- [    Test worker] .b.t.a.w.s.WebMvcTestContextBootstrapper : Using TestExecutionListeners: [org.springframework.test.context.web.ServletTestExecutionListener@45ef4dcb, org.springframework.test.context.support.DirtiesContextBeforeModesTestExecutionListener@54557dd8, org.springframework.test.context.event.ApplicationEventsTestExecutionListener@1a593fc7, org.springframework.boot.test.mock.mockito.MockitoTestExecutionListener@13e59265, org.springframework.boot.test.autoconfigure.SpringBootDependencyInjectionTestExecutionListener@2c5b04c7, org.springframework.test.context.support.DirtiesContextTestExecutionListener@539f0729, org.springframework.test.context.transaction.TransactionalTestExecutionListener@ebad9a, org.springframework.test.context.jdbc.SqlScriptsTestExecutionListener@3fa27158, org.springframework.test.context.event.EventPublishingTestExecutionListener@4b2b2757, org.springframework.boot.test.autoconfigure.restdocs.RestDocsTestExecutionListener@6026c754, org.springframework.boot.test.autoconfigure.web.client.MockRestServiceServerResetTestExecutionListener@3d7c21b7, org.springframework.boot.test.autoconfigure.web.servlet.MockMvcPrintOnlyOnFailureTestExecutionListener@11f8bff1, org.springframework.boot.test.autoconfigure.web.servlet.WebDriverTestExecutionListener@3fb2306, org.springframework.boot.test.autoconfigure.webservices.client.MockWebServiceServerTestExecutionListener@5531484a, org.springframework.boot.test.mock.mockito.ResetMocksTestExecutionListener@99caac2]
 
 
                |\      _,,,--,,_
 #             /,`.-'`'   ._  \-;;,_
 B  _______ __|,4-  ) )_   .;.(__`'-'__     ___ __    _ ___ _______
 C |       | '---''(_/._)-'(_\_)   |   |   |   |  |  | |   |       |
 J |    _  |    ___|_     _|       |   |   |   |   |_| |   |       | __ _ _
 K |   |_| |   |___  |   | |       |   |   |   |       |   |       | \ \ \ \
 L |    ___|    ___| |   | |      _|   |___|   |  _    |   |      _|  \ \ \ \
 M |   |   |   |___  |   | |     |_|       |   | | |   |   |     |_    ) ) ) )
 L |___|   |_______| |___| |_______|_______|___|_|  |__|___|_______|  / / / /
 K ==================================================================/_/_/_/
 
 $:: Built with Spring Boot :: 2.7.16
 
 
 ï2025-01-08 10:51:33.787  INFO 23408 --- [    Test worker] o.s.s.p.owner.PetControllerTests         : Starting PetControllerTests using Java 23.0.1 on CQ-Clemens with PID 23408 (started by ClemensNikolaus in C:\Users\ClemensNikolaus\OneDrive - Comquent GmbH\Desktop\petclinic)
 ñ2025-01-08 10:51:33.787  INFO 23408 --- [    Test worker] o.s.s.p.owner.PetControllerTests         : The following 1 profile is active: "production"
 ì2025-01-08 10:51:34.630  INFO 23408 --- [    Test worker] o.s.b.t.m.w.SpringBootMockServletContext : Initializing Spring TestDispatcherServlet ''
 ~2025-01-08 10:51:34.630  INFO 23408 --- [    Test worker] o.s.t.web.servlet.TestDispatcherServlet  : Initializing Servlet ''
 á2025-01-08 10:51:34.630  INFO 23408 --- [    Test worker] o.s.t.web.servlet.TestDispatcherServlet  : Completed initialization in 0 ms
 ®2025-01-08 10:51:34.646  INFO 23408 --- [    Test worker] o.s.s.p.owner.PetControllerTests         : Started PetControllerTests in 0.878 seconds (JVM running for 7.5)
 ë2025-01-08 10:51:34.836  INFO 23408 --- [    Test worker] .b.t.a.w.s.WebMvcTestContextBootstrapper : Neither @ContextConfiguration nor @ContextHierarchy found for test class [org.springframework.samples.petclinic.owner.VisitControllerTests], using SpringBootContextLoader
 §2025-01-08 10:51:34.836  INFO 23408 --- [    Test worker] o.s.t.c.support.AbstractContextLoader    : Could not detect default resource locations for test class [org.springframework.samples.petclinic.owner.VisitControllerTests]: no resource found for suffixes {-context.xml, Context.groovy}.
 ‡2025-01-08 10:51:34.836  INFO 23408 --- [    Test worker] t.c.s.AnnotationConfigContextLoaderUtils : Could not detect default configuration classes for test class [org.springframework.samples.petclinic.owner.VisitControllerTests]: VisitControllerTests does not declare any static, non-private, non-final, nested classes annotated with @Configuration.
 ê2025-01-08 10:51:34.836  INFO 23408 --- [    Test worker] .b.t.c.SpringBootTestContextBootstrapper : Found @SpringBootConfiguration org.springframework.samples.petclinic.PetClinicApplication for test class org.springframework.samples.petclinic.owner.VisitControllerTests
 Ø2025-01-08 10:51:34.836  INFO 23408 --- [    Test worker] .b.t.a.w.s.WebMvcTestContextBootstrapper : Loaded default TestExecutionListener class names from location [META-INF/spring.factories]: [org.springframework.boot.test.autoconfigure.restdocs.RestDocsTestExecutionListener, org.springframework.boot.test.autoconfigure.web.client.MockRestServiceServerResetTestExecutionListener, org.springframework.boot.test.autoconfigure.web.servlet.MockMvcPrintOnlyOnFailureTestExecutionListener, org.springframework.boot.test.autoconfigure.web.servlet.WebDriverTestExecutionListener, org.springframework.boot.test.autoconfigure.webservices.client.MockWebServiceServerTestExecutionListener, org.springframework.boot.test.mock.mockito.MockitoTestExecutionListener, org.springframework.boot.test.mock.mockito.ResetMocksTestExecutionListener, org.springframework.test.context.web.ServletTestExecutionListener, org.springframework.test.context.support.DirtiesContextBeforeModesTestExecutionListener, org.springframework.test.context.event.ApplicationEventsTestExecutionListener, org.springframework.test.context.support.DependencyInjectionTestExecutionListener, org.springframework.test.context.support.DirtiesContextTestExecutionListener, org.springframework.test.context.transaction.TransactionalTestExecutionListener, org.springframework.test.context.jdbc.SqlScriptsTestExecutionListener, org.springframework.test.context.event.EventPublishingTestExecutionListener]
 É2025-01-08 10:51:34.836  INFO 23408 --- [    Test worker] .b.t.a.w.s.WebMvcTestContextBootstrapper : Using TestExecutionListeners: [org.springframework.test.context.web.ServletTestExecutionListener@620f99dd, org.springframework.test.context.support.DirtiesContextBeforeModesTestExecutionListener@7647eff0, org.springframework.test.context.event.ApplicationEventsTestExecutionListener@36ce218e, org.springframework.boot.test.mock.mockito.MockitoTestExecutionListener@6c6cde22, org.springframework.boot.test.autoconfigure.SpringBootDependencyInjectionTestExecutionListener@72337303, org.springframework.test.context.support.DirtiesContextTestExecutionListener@3bc22ada, org.springframework.test.context.transaction.TransactionalTestExecutionListener@7c47ae7d, org.springframework.test.context.jdbc.SqlScriptsTestExecutionListener@7650e219, org.springframework.test.context.event.EventPublishingTestExecutionListener@1f122cbb, org.springframework.boot.test.autoconfigure.restdocs.RestDocsTestExecutionListener@352c5179, org.springframework.boot.test.autoconfigure.web.client.MockRestServiceServerResetTestExecutionListener@74d925e7, org.springframework.boot.test.autoconfigure.web.servlet.MockMvcPrintOnlyOnFailureTestExecutionListener@568514f, org.springframework.boot.test.autoconfigure.web.servlet.WebDriverTestExecutionListener@b11d2ad, org.springframework.boot.test.autoconfigure.webservices.client.MockWebServiceServerTestExecutionListener@5ce1ed2f, org.springframework.boot.test.mock.mockito.ResetMocksTestExecutionListener@612a0d49]
 
 
                |\      _,,,--,,_
 #             /,`.-'`'   ._  \-;;,_
 B  _______ __|,4-  ) )_   .;.(__`'-'__     ___ __    _ ___ _______
 C |       | '---''(_/._)-'(_\_)   |   |   |   |  |  | |   |       |
 J |    _  |    ___|_     _|       |   |   |   |   |_| |   |       | __ _ _
 K |   |_| |   |___  |   | |       |   |   |   |       |   |       | \ \ \ \
 L |    ___|    ___| |   | |      _|   |___|   |  _    |   |      _|  \ \ \ \
 M |   |   |   |___  |   | |     |_|       |   | | |   |   |     |_    ) ) ) )
 L |___|   |_______| |___| |_______|_______|___|_|  |__|___|_______|  / / / /
 K ==================================================================/_/_/_/
 
 $:: Built with Spring Boot :: 2.7.16
 
 
 ó2025-01-08 10:51:34.867  INFO 23408 --- [    Test worker] o.s.s.p.owner.VisitControllerTests       : Starting VisitControllerTests using Java 23.0.1 on CQ-Clemens with PID 23408 (started by ClemensNikolaus in C:\Users\ClemensNikolaus\OneDrive - Comquent GmbH\Desktop\petclinic)
 ñ2025-01-08 10:51:34.867  INFO 23408 --- [    Test worker] o.s.s.p.owner.VisitControllerTests       : The following 1 profile is active: "production"
 ì2025-01-08 10:51:35.380  INFO 23408 --- [    Test worker] o.s.b.t.m.w.SpringBootMockServletContext : Initializing Spring TestDispatcherServlet ''
 ~2025-01-08 10:51:35.380  INFO 23408 --- [    Test worker] o.s.t.web.servlet.TestDispatcherServlet  : Initializing Servlet ''
 á2025-01-08 10:51:35.380  INFO 23408 --- [    Test worker] o.s.t.web.servlet.TestDispatcherServlet  : Completed initialization in 0 ms
 ¨2025-01-08 10:51:35.396  INFO 23408 --- [    Test worker] o.s.s.p.owner.VisitControllerTests       : Started VisitControllerTests in 0.551 seconds (JVM running for 8.246)
